<?xml version="1.0" encoding="UTF-8"?>
<testng-results ignored="0" total="1" passed="1" failed="0" skipped="0">
  <reporter-output>
  </reporter-output>
  <suite started-at="2023-08-04T15:36:08Z" name="Default suite" finished-at="2023-08-04T15:38:54Z" duration-ms="165578">
    <groups>
    </groups>
    <test started-at="2023-08-04T15:36:08Z" name="Default test" finished-at="2023-08-04T15:38:54Z" duration-ms="165578">
      <class name="york.idenciaTestcase.TC_HiCAMSSettings_003">
        <test-method is-config="true" signature="Setup()[pri:0, instance:york.idenciaTestcase.TC_HiCAMSSettings_003@71e9ebae]" started-at="2023-08-04T15:36:08Z" name="Setup" finished-at="2023-08-04T15:36:19Z" duration-ms="10649" status="PASS">
          <reporter-output>
          </reporter-output>
        </test-method> <!-- Setup -->
        <test-method signature="HomepageTest()[pri:0, instance:york.idenciaTestcase.TC_HiCAMSSettings_003@71e9ebae]" started-at="2023-08-04T15:36:19Z" name="HomepageTest" finished-at="2023-08-04T15:38:54Z" duration-ms="154374" status="PASS">
          <reporter-output>
          </reporter-output>
        </test-method> <!-- HomepageTest -->
        <test-method is-config="true" signature="teardown()[pri:0, instance:york.idenciaTestcase.TC_HiCAMSSettings_003@71e9ebae]" started-at="2023-08-04T15:38:54Z" name="teardown" finished-at="2023-08-04T15:38:54Z" duration-ms="510" status="PASS">
          <reporter-output>
          </reporter-output>
        </test-method> <!-- teardown -->
      </class> <!-- york.idenciaTestcase.TC_HiCAMSSettings_003 -->
    </test> <!-- Default test -->
  </suite> <!-- Default suite -->
</testng-results>
